Added Component: Designator=C1(RAD-0.3)
Added Component: Designator=C2(RAD-0.3)
Added Component: Designator=C3(RAD-0.3)
Added Component: Designator=C4(RAD-0.3)
Added Component: Designator=C5(RAD-0.3)
Added Component: Designator=C6(RAD-0.3)
Added Component: Designator=C7(RAD-0.3)
Added Component: Designator=C8(RAD-0.3)
Added Component: Designator=C9(RAD-0.3)
Added Component: Designator=C10(RAD-0.3)
Added Component: Designator=C11(RAD-0.3)
Added Component: Designator=C12(RAD-0.3)
Added Component: Designator=C13(RAD-0.3)
Added Component: Designator=C14(RAD-0.3)
Added Component: Designator=C15(RAD-0.3)
Added Component: Designator=D1_1(DIODE-0.7)
Added Component: Designator=D1_2(DIODE-0.7)
Added Component: Designator=D2(SMC)
Added Component: Designator=J1(MOLX-48204-0001_V)
Added Component: Designator=JP1(HDR1X12)
Added Component: Designator=JP2(HDR2X5)
Added Component: Designator=JP3(HDR1X12)
Added Component: Designator=R1(AXIAL-0.3)
Added Component: Designator=R2(AXIAL-0.3)
Added Component: Designator=R3(AXIAL-0.4)
Added Component: Designator=R4(AXIAL-0.4)
Added Component: Designator=R5(AXIAL-0.3)
Added Component: Designator=R8(AXIAL-0.3)
Added Component: Designator=U1(ENMR-QFN24_M)
Added Component: Designator=U2(LT-S5-5-TSOT-23_N)
Added Component: Designator=X2(R38)
Added Component: Designator=X3(R38)
Added Pin To Net: NetName=GND Pin=C1-1
Added Pin To Net: NetName=GND Pin=C2-1
Added Pin To Net: NetName=GND Pin=C3-1
Added Pin To Net: NetName=GND Pin=C4-1
Added Pin To Net: NetName=GND Pin=C5-1
Added Pin To Net: NetName=GND Pin=C6-1
Added Pin To Net: NetName=GND Pin=C7-1
Added Pin To Net: NetName=GND Pin=C8-1
Added Pin To Net: NetName=GND Pin=C9-1
Added Pin To Net: NetName=GND Pin=C10-1
Added Pin To Net: NetName=GND Pin=C11-1
Added Pin To Net: NetName=GND Pin=C12-1
Added Pin To Net: NetName=GND Pin=C13-1
Added Pin To Net: NetName=GND Pin=C14-1
Added Pin To Net: NetName=GND Pin=C15-1
Added Pin To Net: NetName=GND Pin=D1_1-1
Added Pin To Net: NetName=GND Pin=D1_2-1
Added Pin To Net: NetName=GND Pin=D2-2
Added Pin To Net: NetName=GND Pin=J1-4
Added Pin To Net: NetName=GND Pin=JP1-11
Added Pin To Net: NetName=GND Pin=JP2-3
Added Pin To Net: NetName=GND Pin=JP2-5
Added Pin To Net: NetName=GND Pin=JP2-9
Added Pin To Net: NetName=GND Pin=JP3-2
Added Pin To Net: NetName=GND Pin=JP3-12
Added Pin To Net: NetName=GND Pin=U1-0
Added Pin To Net: NetName=GND Pin=U2-2
Added Net: Name=GND
Added Pin To Net: NetName=NetC2_2 Pin=C2-2
Added Pin To Net: NetName=NetC2_2 Pin=X2-2
Added Net: Name=NetC2_2
Added Pin To Net: NetName=NetC5_2 Pin=C5-2
Added Pin To Net: NetName=NetC5_2 Pin=U1-16
Added Net: Name=NetC5_2
Added Pin To Net: NetName=NetC7_2 Pin=C7-2
Added Pin To Net: NetName=NetC7_2 Pin=C8-2
Added Pin To Net: NetName=NetC7_2 Pin=C9-2
Added Pin To Net: NetName=NetC7_2 Pin=R1-1
Added Pin To Net: NetName=NetC7_2 Pin=U1-9
Added Pin To Net: NetName=NetC7_2 Pin=U1-12
Added Net: Name=NetC7_2
Added Pin To Net: NetName=NetC10_2 Pin=C10-2
Added Pin To Net: NetName=NetC10_2 Pin=X2-1
Added Net: Name=NetC10_2
Added Pin To Net: NetName=NetC11_2 Pin=C11-2
Added Pin To Net: NetName=NetC11_2 Pin=X3-2
Added Net: Name=NetC11_2
Added Pin To Net: NetName=NetC12_2 Pin=C12-2
Added Pin To Net: NetName=NetC12_2 Pin=X3-1
Added Net: Name=NetC12_2
Added Pin To Net: NetName=NetC14_2 Pin=C14-2
Added Pin To Net: NetName=NetC14_2 Pin=J1-1
Added Pin To Net: NetName=NetC14_2 Pin=JP3-1
Added Pin To Net: NetName=NetC14_2 Pin=U2-1
Added Pin To Net: NetName=NetC14_2 Pin=U2-3
Added Net: Name=NetC14_2
Added Pin To Net: NetName=NetC15_2 Pin=C15-2
Added Pin To Net: NetName=NetC15_2 Pin=U2-4
Added Net: Name=NetC15_2
Added Pin To Net: NetName=NetD1_1_2 Pin=D1_1-2
Added Pin To Net: NetName=NetD1_1_2 Pin=JP1-4
Added Pin To Net: NetName=NetD1_1_2 Pin=R3-2
Added Pin To Net: NetName=NetD1_1_2 Pin=U1-4
Added Net: Name=NetD1_1_2
Added Pin To Net: NetName=NetD1_2_2 Pin=D1_2-2
Added Pin To Net: NetName=NetD1_2_2 Pin=JP1-3
Added Pin To Net: NetName=NetD1_2_2 Pin=R4-2
Added Pin To Net: NetName=NetD1_2_2 Pin=R5-1
Added Pin To Net: NetName=NetD1_2_2 Pin=U1-3
Added Net: Name=NetD1_2_2
Added Pin To Net: NetName=NetD2_1 Pin=D2-1
Added Pin To Net: NetName=NetD2_1 Pin=R8-2
Added Net: Name=NetD2_1
Added Pin To Net: NetName=NetJ1_2 Pin=J1-2
Added Pin To Net: NetName=NetJ1_2 Pin=R4-1
Added Net: Name=NetJ1_2
Added Pin To Net: NetName=NetJ1_3 Pin=J1-3
Added Pin To Net: NetName=NetJ1_3 Pin=R3-1
Added Net: Name=NetJ1_3
Added Pin To Net: NetName=NetJP1_2 Pin=JP1-2
Added Pin To Net: NetName=NetJP1_2 Pin=R5-2
Added Pin To Net: NetName=NetJP1_2 Pin=U1-1
Added Net: Name=NetJP1_2
Added Pin To Net: NetName=NetJP1_5 Pin=JP1-5
Added Pin To Net: NetName=NetJP1_5 Pin=U1-5
Added Net: Name=NetJP1_5
Added Pin To Net: NetName=NetJP1_6 Pin=JP1-6
Added Pin To Net: NetName=NetJP1_6 Pin=U1-6
Added Net: Name=NetJP1_6
Added Pin To Net: NetName=NetJP1_7 Pin=JP1-7
Added Pin To Net: NetName=NetJP1_7 Pin=JP2-10
Added Pin To Net: NetName=NetJP1_7 Pin=R2-1
Added Pin To Net: NetName=NetJP1_7 Pin=U1-7
Added Net: Name=NetJP1_7
Added Pin To Net: NetName=NetJP1_8 Pin=JP1-8
Added Pin To Net: NetName=NetJP1_8 Pin=U1-8
Added Net: Name=NetJP1_8
Added Pin To Net: NetName=NetJP1_9 Pin=JP1-9
Added Pin To Net: NetName=NetJP1_9 Pin=U1-10
Added Net: Name=NetJP1_9
Added Pin To Net: NetName=NetJP1_10 Pin=JP1-10
Added Pin To Net: NetName=NetJP1_10 Pin=U1-11
Added Net: Name=NetJP1_10
Added Pin To Net: NetName=NetJP1_12 Pin=JP1-12
Added Net: Name=NetJP1_12
Added Pin To Net: NetName=NetJP2_2 Pin=JP2-2
Added Pin To Net: NetName=NetJP2_2 Pin=JP3-6
Added Pin To Net: NetName=NetJP2_2 Pin=U1-20
Added Net: Name=NetJP2_2
Added Pin To Net: NetName=NetJP2_4 Pin=JP2-4
Added Pin To Net: NetName=NetJP2_4 Pin=JP3-7
Added Pin To Net: NetName=NetJP2_4 Pin=U1-19
Added Net: Name=NetJP2_4
Added Pin To Net: NetName=NetJP2_6 Pin=JP2-6
Added Pin To Net: NetName=NetJP2_6 Pin=JP3-5
Added Pin To Net: NetName=NetJP2_6 Pin=U1-21
Added Net: Name=NetJP2_6
Added Pin To Net: NetName=NetJP3_3 Pin=JP3-3
Added Pin To Net: NetName=NetJP3_3 Pin=U1-24
Added Net: Name=NetJP3_3
Added Pin To Net: NetName=NetJP3_4 Pin=JP3-4
Added Pin To Net: NetName=NetJP3_4 Pin=U1-23
Added Net: Name=NetJP3_4
Added Pin To Net: NetName=NetJP3_8 Pin=JP3-8
Added Pin To Net: NetName=NetJP3_8 Pin=U1-18
Added Net: Name=NetJP3_8
Added Pin To Net: NetName=NetJP3_9 Pin=JP3-9
Added Pin To Net: NetName=NetJP3_9 Pin=U1-17
Added Net: Name=NetJP3_9
Added Pin To Net: NetName=NetJP3_10 Pin=JP3-10
Added Pin To Net: NetName=NetJP3_10 Pin=R8-1
Added Pin To Net: NetName=NetJP3_10 Pin=U1-14
Added Net: Name=NetJP3_10
Added Pin To Net: NetName=NetJP3_11 Pin=JP3-11
Added Pin To Net: NetName=NetJP3_11 Pin=U1-13
Added Net: Name=NetJP3_11
Added Pin To Net: NetName=VDD Pin=C1-2
Added Pin To Net: NetName=VDD Pin=C3-2
Added Pin To Net: NetName=VDD Pin=C4-2
Added Pin To Net: NetName=VDD Pin=C6-2
Added Pin To Net: NetName=VDD Pin=C13-2
Added Pin To Net: NetName=VDD Pin=JP1-1
Added Pin To Net: NetName=VDD Pin=JP2-1
Added Pin To Net: NetName=VDD Pin=R1-2
Added Pin To Net: NetName=VDD Pin=R2-2
Added Pin To Net: NetName=VDD Pin=U1-2
Added Pin To Net: NetName=VDD Pin=U1-15
Added Pin To Net: NetName=VDD Pin=U1-22
Added Pin To Net: NetName=VDD Pin=U2-5
Added Net: Name=VDD
